<component name="libraryTable">
  <library name="junit-4.8.2">
    <CLASSES>
      <root url="jar://$PROJECT_DIR$/app/libs/junit-4.8.2.jar!/" />
    </CLASSES>
    <JAVADOC />
    <SOURCES />
  </library>
</component>